Removed Pin From Net: NetName=3v3 Pin=*-A4
Removed Pin From Net: NetName=1v8 Pin=C4-1
Removed Pin From Net: NetName=3v3 Pin=C40-2
Removed Pin From Net: NetName=3v3 Pin=C41-2
Removed Pin From Net: NetName=3v3 Pin=CN-3
Removed Pin From Net: NetName=3v3 Pin=CN-6
Removed Pin From Net: NetName=1v8 Pin=D9-2
Removed Pin From Net: NetName=3v3 Pin=FL-1
Removed Pin From Net: NetName=3v3 Pin=R3-2
Removed Pin From Net: NetName=3v3 Pin=R4-2
Removed Pin From Net: NetName=1v8 Pin=R13-2
Removed Pin From Net: NetName=1v8 Pin=R57-1
Removed Pin From Net: NetName=1v8 Pin=R59-1
Removed Pin From Net: NetName=1v8 Pin=R83-1
Removed Pin From Net: NetName=3v3 Pin=R-3
Removed Pin From Net: NetName=1v8 Pin=R-5
Removed Pin From Net: NetName=3v3 Pin=U-5
Change Net Name : Old Net Name=1v8 New Net Name=NetC33_2
Added Pin To Net: NetName=NetC4_1 Pin=C4-1
Added Pin To Net: NetName=NetC4_1 Pin=R-5
Added Net: Name=NetC4_1
Added Pin To Net: NetName=NetC40_2 Pin=C40-2
Added Pin To Net: NetName=NetC40_2 Pin=CN-3
Added Net: Name=NetC40_2
Added Pin To Net: NetName=NetC41_2 Pin=C41-2
Added Pin To Net: NetName=NetC41_2 Pin=CN-6
Added Net: Name=NetC41_2
Added Pin To Net: NetName=NetR57_1 Pin=R57-1
Added Pin To Net: NetName=NetR57_1 Pin=R83-1
Added Net: Name=NetR57_1
