Removed Pin From Net: NetName=D7_RSTCV Pin=*-A10
Removed Pin From Net: NetName=D7_RSTCV Pin=B1-2
Removed Pin From Net: NetName=D7_RSTCV Pin=B2-2
Removed Pin From Net: NetName=D7_RSTCV Pin=C1-2
Removed Pin From Net: NetName=D7_RSTCV Pin=C2-2
Removed Pin From Net: NetName=D7_RSTCV Pin=C3-2
Removed Pin From Net: NetName=D7_RSTCV Pin=C4-2
Removed Pin From Net: NetName=D7_RSTCV Pin=C5-2
Removed Pin From Net: NetName=D7_RSTCV Pin=C33-1
Removed Pin From Net: NetName=D7_RSTCV Pin=C40-1
Removed Pin From Net: NetName=D7_RSTCV Pin=C41-1
Removed Pin From Net: NetName=D7_RSTCV Pin=C42-1
Removed Pin From Net: NetName=D7_RSTCV Pin=C43-1
Removed Pin From Net: NetName=D7_RSTCV Pin=C44-1
Removed Pin From Net: NetName=D7_RSTCV Pin=C45-1
Removed Pin From Net: NetName=D7_RSTCV Pin=C47-1
Removed Pin From Net: NetName=D7_RSTCV Pin=C57-2
Removed Pin From Net: NetName=D7_RSTCV Pin=C58-2
Removed Pin From Net: NetName=D7_RSTCV Pin=H-5
Removed Pin From Net: NetName=D7_RSTCV Pin=K-22
Removed Pin From Net: NetName=D7_RSTCV Pin=K-25
Removed Pin From Net: NetName=D7_RSTCV Pin=R1-1
Removed Pin From Net: NetName=D7_RSTCV Pin=R2-1
Removed Pin From Net: NetName=D7_RSTCV Pin=R56-2
Removed Pin From Net: NetName=D7_RSTCV Pin=R60-1
Removed Pin From Net: NetName=D7_RSTCV Pin=R74-1
Removed Pin From Net: NetName=D7_RSTCV Pin=R-2
Removed Pin From Net: NetName=D7_RSTCV Pin=U-2
Removed Pin From Net: NetName=D7_RSTCV Pin=U-3
Added Pin To Net: NetName=GND Pin=*-A10
Added Pin To Net: NetName=GND Pin=B1-2
Added Pin To Net: NetName=GND Pin=B2-2
Added Pin To Net: NetName=GND Pin=C1-2
Added Pin To Net: NetName=GND Pin=C2-2
Added Pin To Net: NetName=GND Pin=C3-2
Added Pin To Net: NetName=GND Pin=C4-2
Added Pin To Net: NetName=GND Pin=C5-2
Added Pin To Net: NetName=GND Pin=C33-1
Added Pin To Net: NetName=GND Pin=C40-1
Added Pin To Net: NetName=GND Pin=C41-1
Added Pin To Net: NetName=GND Pin=C42-1
Added Pin To Net: NetName=GND Pin=C43-1
Added Pin To Net: NetName=GND Pin=C44-1
Added Pin To Net: NetName=GND Pin=C45-1
Added Pin To Net: NetName=GND Pin=C47-1
Added Pin To Net: NetName=GND Pin=C57-2
Added Pin To Net: NetName=GND Pin=C58-2
Added Pin To Net: NetName=GND Pin=H-5
Added Pin To Net: NetName=GND Pin=K-22
Added Pin To Net: NetName=GND Pin=K-25
Added Pin To Net: NetName=GND Pin=R-2
Added Pin To Net: NetName=GND Pin=R1-1
Added Pin To Net: NetName=GND Pin=R2-1
Added Pin To Net: NetName=GND Pin=R56-2
Added Pin To Net: NetName=GND Pin=R60-1
Added Pin To Net: NetName=GND Pin=R74-1
Added Pin To Net: NetName=GND Pin=U-2
Added Pin To Net: NetName=GND Pin=U-3
Added Net: Name=GND
