Removed Pin From Net: NetName=D7_RSTCV Pin=*-A10
Removed Pin From Net: NetName=D7_RSTCV Pin=B1-2
Removed Pin From Net: NetName=D7_RSTCV Pin=B2-2
Removed Pin From Net: NetName=D7_RSTCV Pin=C1-2
Removed Pin From Net: NetName=D7_RSTCV Pin=C2-2
Removed Pin From Net: NetName=D7_RSTCV Pin=C3-2
Removed Pin From Net: NetName=D7_RSTCV Pin=C4-2
Removed Pin From Net: NetName=D7_RSTCV Pin=C5-2
Removed Pin From Net: NetName=D7_RSTCV Pin=C33-1
Removed Pin From Net: NetName=D7_RSTCV Pin=C40-1
Removed Pin From Net: NetName=D7_RSTCV Pin=C41-1
Removed Pin From Net: NetName=D7_RSTCV Pin=C42-1
Removed Pin From Net: NetName=D7_RSTCV Pin=C43-1
Removed Pin From Net: NetName=D7_RSTCV Pin=C44-1
Removed Pin From Net: NetName=D7_RSTCV Pin=C45-1
Removed Pin From Net: NetName=D7_RSTCV Pin=C47-1
Removed Pin From Net: NetName=D7_RSTCV Pin=C57-2
Removed Pin From Net: NetName=D7_RSTCV Pin=C58-2
Removed Pin From Net: NetName=D7_RSTCV Pin=H-5
Removed Pin From Net: NetName=D7_RSTCV Pin=K-22
Removed Pin From Net: NetName=D7_RSTCV Pin=K-25
Removed Pin From Net: NetName=D7_RSTCV Pin=R1-1
Removed Pin From Net: NetName=D7_RSTCV Pin=R2-1
Removed Pin From Net: NetName=D7_RSTCV Pin=R56-2
Removed Pin From Net: NetName=D7_RSTCV Pin=R60-1
Removed Pin From Net: NetName=D7_RSTCV Pin=R74-1
Removed Pin From Net: NetName=D7_RSTCV Pin=R-2
Removed Pin From Net: NetName=D7_RSTCV Pin=U-2
Removed Pin From Net: NetName=D7_RSTCV Pin=U-3
Change Component Description : Designator=CN Old Description=Jack Modular Connector 8p8c (RJ45, Ethernet) 90° Angle (Right) Unshielded New Description=
Jack Modular Connector 8p8c (RJ45, Ethernet) 90° Angle (Right) Unshielded

Change Net Name : Old Net Name=D7_RSTCV New Net Name=Net*_1
Added Pin To Net: NetName=GND Pin=*-A10
Added Pin To Net: NetName=GND Pin=H-5
Added Pin To Net: NetName=GND Pin=R60-1
Added Net: Name=GND
Added Pin To Net: NetName=NetC1_2 Pin=C1-2
Added Pin To Net: NetName=NetC1_2 Pin=C2-2
Added Net: Name=NetC1_2
Added Pin To Net: NetName=NetC3_2 Pin=C3-2
Added Pin To Net: NetName=NetC3_2 Pin=R-2
Added Net: Name=NetC3_2
Added Pin To Net: NetName=NetC57_2 Pin=C57-2
Added Pin To Net: NetName=NetC57_2 Pin=C58-2
Added Pin To Net: NetName=NetC57_2 Pin=R74-1
Added Net: Name=NetC57_2
Added Pin To Net: NetName=NetK_22 Pin=K-22
Added Pin To Net: NetName=NetK_22 Pin=K-25
Added Net: Name=NetK_22
Added Pin To Net: NetName=NetR1_1 Pin=R1-1
Added Pin To Net: NetName=NetR1_1 Pin=R2-1
Added Net: Name=NetR1_1
Added Pin To Net: NetName=NetU_2 Pin=U-2
Added Pin To Net: NetName=NetU_2 Pin=U-3
Added Net: Name=NetU_2
