Added Pin To Net: NetName=GND Pin=U-1
Added Pin To Net: NetName=GND Pin=U-2
Added Pin To Net: NetName=GND Pin=U-3
Added Pin To Net: NetName=GND Pin=U-4
Added Pin To Net: NetName=GND Pin=U-5
Added Pin To Net: NetName=GND Pin=U-6
Added Pin To Net: NetName=GND Pin=U-7
Added Pin To Net: NetName=GND Pin=U-8
Added Pin To Net: NetName=GND Pin=U-9
Added Pin To Net: NetName=GND Pin=U-10
Added Pin To Net: NetName=GND Pin=U-11
Added Pin To Net: NetName=GND Pin=U-12
Added Pin To Net: NetName=GND Pin=U-13
Added Pin To Net: NetName=GND Pin=U-14
Added Pin To Net: NetName=GND Pin=U-15
Added Pin To Net: NetName=GND Pin=U-16
Added Pin To Net: NetName=GND Pin=U-17
Added Pin To Net: NetName=GND Pin=U-18
Added Pin To Net: NetName=GND Pin=U-19
Added Pin To Net: NetName=GND Pin=U-20
Added Pin To Net: NetName=GND Pin=U-21
Added Pin To Net: NetName=GND Pin=U-22
Added Pin To Net: NetName=GND Pin=U-23
Added Pin To Net: NetName=GND Pin=U-24
Added Pin To Net: NetName=GND Pin=U-25
Added Pin To Net: NetName=GND Pin=U-26
Added Pin To Net: NetName=GND Pin=U-27
Added Pin To Net: NetName=GND Pin=U-28
Added Pin To Net: NetName=GND Pin=U-29
Added Pin To Net: NetName=GND Pin=U-30
Added Pin To Net: NetName=GND Pin=U-31
Added Pin To Net: NetName=GND Pin=U-32
Added Pin To Net: NetName=GND Pin=U-33
Added Pin To Net: NetName=GND Pin=U-34
Added Pin To Net: NetName=GND Pin=U-35
Added Pin To Net: NetName=GND Pin=U-36
Added Pin To Net: NetName=GND Pin=U-37
Added Pin To Net: NetName=GND Pin=U-38
Added Pin To Net: NetName=GND Pin=U-39
Added Pin To Net: NetName=GND Pin=U-A3
Added Pin To Net: NetName=3.3V Pin=U-A4
Added Pin To Net: NetName=GND Pin=U-C1
Added Pin To Net: NetName=GND Pin=U-C3
Added Pin To Net: NetName=GND Pin=U-C4
Added Pin To Net: NetName=GND Pin=U-C7
Added Pin To Net: NetName=GND Pin=U-D7
Added Room: Name=Ublox_breakout
