Added Pin To Net: NetName=D7_RSTCV Pin=*-1
Added Pin To Net: NetName=D7_RSTCV Pin=*-2
Added Pin To Net: NetName=D7_RSTCV Pin=*-3
Added Pin To Net: NetName=D7_RSTCV Pin=*-4
Added Pin To Net: NetName=D7_RSTCV Pin=*-5
Added Pin To Net: NetName=D7_RSTCV Pin=*-6
Added Pin To Net: NetName=D7_RSTCV Pin=*-7
Added Pin To Net: NetName=D7_RSTCV Pin=*-8
Added Pin To Net: NetName=D7_RSTCV Pin=*-9
Added Pin To Net: NetName=D7_RSTCV Pin=*-10
Added Pin To Net: NetName=D7_RSTCV Pin=*-11
Added Pin To Net: NetName=D7_RSTCV Pin=*-12
Added Pin To Net: NetName=D7_RSTCV Pin=*-13
Added Pin To Net: NetName=D7_RSTCV Pin=*-14
Added Pin To Net: NetName=D7_RSTCV Pin=*-15
Added Pin To Net: NetName=D7_RSTCV Pin=*-16
Added Pin To Net: NetName=D7_RSTCV Pin=*-17
Added Pin To Net: NetName=D7_RSTCV Pin=*-18
Added Pin To Net: NetName=D7_RSTCV Pin=*-19
Added Pin To Net: NetName=D7_RSTCV Pin=*-20
Added Pin To Net: NetName=D7_RSTCV Pin=*-21
Added Pin To Net: NetName=D7_RSTCV Pin=*-22
Added Pin To Net: NetName=D7_RSTCV Pin=*-23
Added Pin To Net: NetName=D7_RSTCV Pin=*-24
Added Pin To Net: NetName=D7_RSTCV Pin=*-25
Added Pin To Net: NetName=D7_RSTCV Pin=*-26
Added Pin To Net: NetName=D7_RSTCV Pin=*-27
Added Pin To Net: NetName=D7_RSTCV Pin=*-28
Added Pin To Net: NetName=D7_RSTCV Pin=*-29
Added Pin To Net: NetName=D7_RSTCV Pin=*-30
Added Pin To Net: NetName=D7_RSTCV Pin=*-31
Added Pin To Net: NetName=D7_RSTCV Pin=*-32
Added Pin To Net: NetName=D7_RSTCV Pin=*-33
Added Pin To Net: NetName=D7_RSTCV Pin=*-34
Added Pin To Net: NetName=D7_RSTCV Pin=*-35
Added Pin To Net: NetName=D7_RSTCV Pin=*-36
Added Pin To Net: NetName=D7_RSTCV Pin=*-37
Added Pin To Net: NetName=D7_RSTCV Pin=*-38
Added Pin To Net: NetName=D7_RSTCV Pin=*-39
Added Pin To Net: NetName=MAIN_RESET Pin=*-A1
Added Pin To Net: NetName=D7_RSTCV Pin=*-A3
Added Pin To Net: NetName=3v3 Pin=*-A4
Added Pin To Net: NetName=SWITCH0 Pin=*-A6
Added Pin To Net: NetName=RedLED Pin=*-A7
Added Pin To Net: NetName=SWITCH1 Pin=*-A8
Added Pin To Net: NetName=BlueLED Pin=*-A9
Added Pin To Net: NetName=D7_RSTCV Pin=*-A10
Added Pin To Net: NetName=UART_TXD Pin=*-A11
Added Pin To Net: NetName=UART_RXD Pin=*-A13
Added Pin To Net: NetName=D7_RSTCV Pin=*-C1
Added Pin To Net: NetName=D7_RSTCV Pin=*-C3
Added Pin To Net: NetName=D7_RSTCV Pin=*-C4
Added Pin To Net: NetName=D7_RSTCV Pin=*-C7
Added Pin To Net: NetName=Net*_C14 Pin=*-C14
Added Pin To Net: NetName=Net*_C15 Pin=*-C15
Added Pin To Net: NetName=ETH_TXD0 Pin=*-D1
Added Pin To Net: NetName=ETH_TXD1 Pin=*-D2
Added Pin To Net: NetName=ETH_TXEN Pin=*-D3
Added Pin To Net: NetName=ETH_CRSDV Pin=*-D4
Added Pin To Net: NetName=ETH_RXD0 Pin=*-D5
Added Pin To Net: NetName=ETH_RXD1 Pin=*-D6
Added Pin To Net: NetName=D7_RSTCV Pin=*-D7
Added Pin To Net: NetName=ETH_REFCLK Pin=*-D8
Added Pin To Net: NetName=SWITCH1 Pin=B1-1
Added Pin To Net: NetName=D7_RSTCV Pin=B1-2
Added Pin To Net: NetName=SWITCH0 Pin=B2-1
Added Pin To Net: NetName=D7_RSTCV Pin=B2-2
Added Pin To Net: NetName=X0 Pin=C1-1
Added Pin To Net: NetName=D7_RSTCV Pin=C1-2
Added Pin To Net: NetName=X1 Pin=C2-1
Added Pin To Net: NetName=D7_RSTCV Pin=C2-2
Added Pin To Net: NetName=3v3 Pin=C3-1
Added Pin To Net: NetName=D7_RSTCV Pin=C3-2
Added Pin To Net: NetName=1v8 Pin=C4-1
Added Pin To Net: NetName=D7_RSTCV Pin=C4-2
Added Pin To Net: NetName=NetC5_1 Pin=C5-1
Added Pin To Net: NetName=D7_RSTCV Pin=C5-2
Added Pin To Net: NetName=D7_RSTCV Pin=C33-1
Added Pin To Net: NetName=1v8 Pin=C33-2
Added Pin To Net: NetName=D7_RSTCV Pin=C40-1
Added Pin To Net: NetName=3v3 Pin=C40-2
Added Pin To Net: NetName=D7_RSTCV Pin=C41-1
Added Pin To Net: NetName=3v3 Pin=C41-2
Added Pin To Net: NetName=D7_RSTCV Pin=C42-1
Added Pin To Net: NetName=1v8 Pin=C42-2
Added Pin To Net: NetName=D7_RSTCV Pin=C43-1
Added Pin To Net: NetName=VDDA_3.3 Pin=C43-2
Added Pin To Net: NetName=D7_RSTCV Pin=C44-1
Added Pin To Net: NetName=VDDA_3.3 Pin=C44-2
Added Pin To Net: NetName=D7_RSTCV Pin=C45-1
Added Pin To Net: NetName=VDD_1v2 Pin=C45-2
Added Pin To Net: NetName=D7_RSTCV Pin=C47-1
Added Pin To Net: NetName=VDD_1v2 Pin=C47-2
Added Pin To Net: NetName=RJ_45_GND Pin=C57-1
Added Pin To Net: NetName=D7_RSTCV Pin=C57-2
Added Pin To Net: NetName=RJ_45_GND Pin=C58-1
Added Pin To Net: NetName=D7_RSTCV Pin=C58-2
Added Pin To Net: NetName=RedLED Pin=D2-1
Added Pin To Net: NetName=NetD2_2 Pin=D2-2
Added Pin To Net: NetName=BlueLED Pin=D3-1
Added Pin To Net: NetName=NetD3_2 Pin=D3-2
Added Pin To Net: NetName=KSZ_RST_OUT Pin=D8-1
Added Pin To Net: NetName=NetD8_2 Pin=D8-2
Added Pin To Net: NetName=KSZ_RST_OUT Pin=D9-1
Added Pin To Net: NetName=1v8 Pin=D9-2
Added Pin To Net: NetName=3v3 Pin=FL-1
Added Pin To Net: NetName=VDDA_3.3 Pin=FL-2
Added Pin To Net: NetName=3v3 Pin=H-1
Added Pin To Net: NetName=MAIN_RESET Pin=H-2
Added Pin To Net: NetName=UART_RXD Pin=H-3
Added Pin To Net: NetName=UART_TXD Pin=H-4
Added Pin To Net: NetName=D7_RSTCV Pin=H-5
Added Pin To Net: NetName=VDD_1v2 Pin=K-1
Added Pin To Net: NetName=VDDA_3.3 Pin=K-2
Added Pin To Net: NetName=PHY_RXN Pin=K-3
Added Pin To Net: NetName=PHY_RXP Pin=K-4
Added Pin To Net: NetName=PHY_TXN Pin=K-5
Added Pin To Net: NetName=PHY_TXP Pin=K-6
Added Pin To Net: NetName=X0 Pin=K-7
Added Pin To Net: NetName=X1 Pin=K-8
Added Pin To Net: NetName=NetK_9 Pin=K-9
Added Pin To Net: NetName=ETH_MC Pin=K-10
Added Pin To Net: NetName=ETH_MDIO Pin=K-11
Added Pin To Net: NetName=NetK_12 Pin=K-12
Added Pin To Net: NetName=NetK_13 Pin=K-13
Added Pin To Net: NetName=1v8 Pin=K-14
Added Pin To Net: NetName=NetK_15 Pin=K-15
Added Pin To Net: NetName=ETH_REFCLK Pin=K-16
Added Pin To Net: NetName=NetK_17 Pin=K-17
Added Pin To Net: NetName=NetK_18 Pin=K-18
Added Pin To Net: NetName=NetK_19 Pin=K-19
Added Pin To Net: NetName=NetK_20 Pin=K-20
Added Pin To Net: NetName=NetK_21 Pin=K-21
Added Pin To Net: NetName=D7_RSTCV Pin=K-22
Added Pin To Net: NetName=PHY_LED0 Pin=K-23
Added Pin To Net: NetName=KSZ_RST_OUT Pin=K-24
Added Pin To Net: NetName=D7_RSTCV Pin=K-25
Added Pin To Net: NetName=D7_RSTCV Pin=R1-1
Added Pin To Net: NetName=NetD3_2 Pin=R1-2
Added Pin To Net: NetName=D7_RSTCV Pin=R2-1
Added Pin To Net: NetName=NetD2_2 Pin=R2-2
Added Pin To Net: NetName=SWITCH0 Pin=R3-1
Added Pin To Net: NetName=3v3 Pin=R3-2
Added Pin To Net: NetName=SWITCH1 Pin=R4-1
Added Pin To Net: NetName=3v3 Pin=R4-2
Added Pin To Net: NetName=NetD8_2 Pin=R8-1
Added Pin To Net: NetName=D7_RSTCV Pin=R8-2
Added Pin To Net: NetName=INV_TO_RJ45 Pin=R9-1
Added Pin To Net: NetName=NetR9_2 Pin=R9-2
Added Pin To Net: NetName=NetK_18 Pin=R13-1
Added Pin To Net: NetName=1v8 Pin=R13-2
Added Pin To Net: NetName=ETH_MDIO Pin=R46-1
Added Pin To Net: NetName=Net*_C14 Pin=R46-2
Added Pin To Net: NetName=ETH_MC Pin=R47-1
Added Pin To Net: NetName=Net*_C15 Pin=R47-2
Added Pin To Net: NetName=ETH_TXEN Pin=R48-1
Added Pin To Net: NetName=NetK_19 Pin=R48-2
Added Pin To Net: NetName=ETH_TXD0 Pin=R49-1
Added Pin To Net: NetName=NetK_20 Pin=R49-2
Added Pin To Net: NetName=ETH_TXD1 Pin=R51-1
Added Pin To Net: NetName=NetK_21 Pin=R51-2
Added Pin To Net: NetName=NetK_13 Pin=R52-1
Added Pin To Net: NetName=ETH_RXD0 Pin=R52-2
Added Pin To Net: NetName=NetK_12 Pin=R53-1
Added Pin To Net: NetName=ETH_RXD1 Pin=R53-2
Added Pin To Net: NetName=NetK_15 Pin=R54-1
Added Pin To Net: NetName=ETH_CRSDV Pin=R54-2
Added Pin To Net: NetName=KSZ_RST_OUT Pin=R55-1
Added Pin To Net: NetName=NetK_17 Pin=R56-1
Added Pin To Net: NetName=D7_RSTCV Pin=R56-2
Added Pin To Net: NetName=1v8 Pin=R57-1
Added Pin To Net: NetName=ETH_CRSDV Pin=R57-2
Added Pin To Net: NetName=1v8 Pin=R59-1
Added Pin To Net: NetName=PHY_LED0 Pin=R59-2
Added Pin To Net: NetName=D7_RSTCV Pin=R60-1
Added Pin To Net: NetName=NetK_9 Pin=R60-2
Added Pin To Net: NetName=D7_RSTCV Pin=R74-1
Added Pin To Net: NetName=RJ_45_GND Pin=R74-2
Added Pin To Net: NetName=NetD8_2 Pin=R80-1
Added Pin To Net: NetName=MAIN_RESET Pin=R80-2
Added Pin To Net: NetName=1v8 Pin=R83-1
Added Pin To Net: NetName=ETH_MC Pin=R83-2
Added Pin To Net: NetName=3v3 Pin=R-1
Added Pin To Net: NetName=D7_RSTCV Pin=R-2
Added Pin To Net: NetName=3v3 Pin=R-3
Added Pin To Net: NetName=NetC5_1 Pin=R-4
Added Pin To Net: NetName=1v8 Pin=R-5
Added Pin To Net: NetName=PHY_LED0 Pin=U-1
Added Pin To Net: NetName=D7_RSTCV Pin=U-2
Added Pin To Net: NetName=D7_RSTCV Pin=U-3
Added Pin To Net: NetName=NetR9_2 Pin=U-4
Added Pin To Net: NetName=3v3 Pin=U-5
Added Pin To Net: NetName=X1 Pin=XTAL?-1
Added Pin To Net: NetName=X0 Pin=XTAL?-2
Added Member To Class: ClassName=Ublox_breakout Member=Component * ODIN-W262
Added Member To Class: ClassName=Ublox_breakout Member=Component B1 push button
Added Member To Class: ClassName=Ublox_breakout Member=Component B2 push button
Added Member To Class: ClassName=Ublox_breakout Member=Component C1 22uF 10V
Added Member To Class: ClassName=Ublox_breakout Member=Component C2 22uF 10V
Added Member To Class: ClassName=Ublox_breakout Member=Component C3 10UF 25V
Added Member To Class: ClassName=Ublox_breakout Member=Component C4 10UF 25V
Added Member To Class: ClassName=Ublox_breakout Member=Component C5 10nF 50V
Added Member To Class: ClassName=Ublox_breakout Member=Component C33 2.2uF 16V
Added Member To Class: ClassName=Ublox_breakout Member=Component C40 100nF 50V
Added Member To Class: ClassName=Ublox_breakout Member=Component C41 100nF 50V
Added Member To Class: ClassName=Ublox_breakout Member=Component C42 100nF 50V
Added Member To Class: ClassName=Ublox_breakout Member=Component C43 2.2uF 16V
Added Member To Class: ClassName=Ublox_breakout Member=Component C44 100nF 50V
Added Member To Class: ClassName=Ublox_breakout Member=Component C45 100nF 50V
Added Member To Class: ClassName=Ublox_breakout Member=Component C47 100nF 50V
Added Member To Class: ClassName=Ublox_breakout Member=Component C57 100nF 50V
Added Member To Class: ClassName=Ublox_breakout Member=Component C58 100nF 50V
Added Member To Class: ClassName=Ublox_breakout Member=Component CN RJ45
Added Member To Class: ClassName=Ublox_breakout Member=Component D2 LED2
Added Member To Class: ClassName=Ublox_breakout Member=Component D3 LED3
Added Member To Class: ClassName=Ublox_breakout Member=Component D8 Diode
Added Member To Class: ClassName=Ublox_breakout Member=Component D9 Diode
Added Member To Class: ClassName=Ublox_breakout Member=Component FL BLM18PG300SN1D
Added Member To Class: ClassName=Ublox_breakout Member=Component H Header 5
Added Member To Class: ClassName=Ublox_breakout Member=Component K KSZ8081RNAIA-TR
Added Member To Class: ClassName=Ublox_breakout Member=Component R1 270
Added Member To Class: ClassName=Ublox_breakout Member=Component R2 270
Added Member To Class: ClassName=Ublox_breakout Member=Component R3 1k
Added Member To Class: ClassName=Ublox_breakout Member=Component R4 1k
Added Member To Class: ClassName=Ublox_breakout Member=Component R8 JUMPER
Added Member To Class: ClassName=Ublox_breakout Member=Component R9 120
Added Member To Class: ClassName=Ublox_breakout Member=Component R13 1k
Added Member To Class: ClassName=Ublox_breakout Member=Component R46 10.0
Added Member To Class: ClassName=Ublox_breakout Member=Component R47 10.0
Added Member To Class: ClassName=Ublox_breakout Member=Component R48 10.0
Added Member To Class: ClassName=Ublox_breakout Member=Component R49 10.0
Added Member To Class: ClassName=Ublox_breakout Member=Component R51 10.0
Added Member To Class: ClassName=Ublox_breakout Member=Component R52 10.0
Added Member To Class: ClassName=Ublox_breakout Member=Component R53 10.0
Added Member To Class: ClassName=Ublox_breakout Member=Component R54 10.0
Added Member To Class: ClassName=Ublox_breakout Member=Component R55 1k
Added Member To Class: ClassName=Ublox_breakout Member=Component R56 1k
Added Member To Class: ClassName=Ublox_breakout Member=Component R57 1k
Added Member To Class: ClassName=Ublox_breakout Member=Component R59 1k
Added Member To Class: ClassName=Ublox_breakout Member=Component R60 6.8k
Added Member To Class: ClassName=Ublox_breakout Member=Component R74 16m
Added Member To Class: ClassName=Ublox_breakout Member=Component R80 JUMPER
Added Member To Class: ClassName=Ublox_breakout Member=Component R83 4.7k
Added Member To Class: ClassName=Ublox_breakout Member=Component R LP2992IM5-1.8
Added Member To Class: ClassName=Ublox_breakout Member=Component U NC7SZ125
Added Member To Class: ClassName=Ublox_breakout Member=Component XTAL? CRYSTAL 25.0000MHZ 8PF SMD
